2025-05-18 11:28:09 [http-nio-8082-exec-5] INFO  src.service.LoggingService - [2025-05-18 11:28:09] Type: AUTH, Matricule: 100439, Location: ./documents/destination - Connexion réussie
2025-05-18 11:28:09 [http-nio-8082-exec-5] INFO  src.service.LoggingService - [2025-05-18 11:28:09] Type: AUTH, Matricule: 100439, Location: ./documents/destination - Executing SQL query for agent details
2025-05-18 11:28:09 [http-nio-8082-exec-5] INFO  src.service.LoggingService - [2025-05-18 11:28:09] Type: AUTH, Matricule: 100439, Location: ./documents/destination - SQL results - nom: ROS, prenom: Aurélia, brigade: BRIGADE 2
2025-05-18 11:28:09 [http-nio-8082-exec-5] INFO  src.service.LoggingService - [2025-05-18 11:28:09] Type: AUTH, Matricule: 100439, Location: ./documents/destination - Agent details retrieved successfully
2025-05-18 11:28:09 [http-nio-8082-exec-5] DEBUG src.service.LoggingService - [2025-05-18 11:28:09] Type: AUTH, Matricule: 100439, Location: ./documents/destination - Récupération du pouvoir: userPm
2025-05-18 11:41:34 [http-nio-8082-exec-2] INFO  src.service.LoggingService - [2025-05-18 11:41:34] Type: AUTH, Matricule: 100649, Location: ./documents/destination - Connexion réussie
2025-05-18 11:41:34 [http-nio-8082-exec-2] INFO  src.service.LoggingService - [2025-05-18 11:41:34] Type: AUTH, Matricule: 100649, Location: ./documents/destination - Executing SQL query for agent details
2025-05-18 11:41:34 [http-nio-8082-exec-2] INFO  src.service.LoggingService - [2025-05-18 11:41:34] Type: AUTH, Matricule: 100649, Location: ./documents/destination - SQL results - nom: ZABATTA, prenom: Florent, brigade: MOTO 2
2025-05-18 11:41:34 [http-nio-8082-exec-2] INFO  src.service.LoggingService - [2025-05-18 11:41:34] Type: AUTH, Matricule: 100649, Location: ./documents/destination - Agent details retrieved successfully
2025-05-18 11:41:34 [http-nio-8082-exec-2] DEBUG src.service.LoggingService - [2025-05-18 11:41:34] Type: AUTH, Matricule: 100649, Location: ./documents/destination - Récupération du pouvoir: userPm
2025-05-18 13:46:48 [http-nio-8082-exec-5] INFO  src.service.LoggingService - [2025-05-18 13:46:48] Type: AUTH, Matricule: 101033, Location: ./documents/destination - Connexion réussie
2025-05-18 13:46:48 [http-nio-8082-exec-5] INFO  src.service.LoggingService - [2025-05-18 13:46:48] Type: AUTH, Matricule: 101033, Location: ./documents/destination - Executing SQL query for agent details
2025-05-18 13:46:48 [http-nio-8082-exec-5] INFO  src.service.LoggingService - [2025-05-18 13:46:48] Type: AUTH, Matricule: 101033, Location: ./documents/destination - SQL results - nom: KOSTADINOV, prenom: Gueorgui, brigade: BRIGADE 2
2025-05-18 13:46:48 [http-nio-8082-exec-5] INFO  src.service.LoggingService - [2025-05-18 13:46:48] Type: AUTH, Matricule: 101033, Location: ./documents/destination - Agent details retrieved successfully
2025-05-18 13:46:48 [http-nio-8082-exec-5] DEBUG src.service.LoggingService - [2025-05-18 13:46:48] Type: AUTH, Matricule: 101033, Location: ./documents/destination - Récupération du pouvoir: userPm
2025-05-18 14:40:27 [http-nio-8082-exec-6] INFO  src.service.LoggingService - [2025-05-18 14:40:27] Type: AUTH, Matricule: 101033, Location: ./documents/destination - Connexion réussie
2025-05-18 14:40:27 [http-nio-8082-exec-6] INFO  src.service.LoggingService - [2025-05-18 14:40:27] Type: AUTH, Matricule: 101033, Location: ./documents/destination - Executing SQL query for agent details
2025-05-18 14:40:27 [http-nio-8082-exec-6] INFO  src.service.LoggingService - [2025-05-18 14:40:27] Type: AUTH, Matricule: 101033, Location: ./documents/destination - SQL results - nom: KOSTADINOV, prenom: Gueorgui, brigade: BRIGADE 2
2025-05-18 14:40:27 [http-nio-8082-exec-6] INFO  src.service.LoggingService - [2025-05-18 14:40:27] Type: AUTH, Matricule: 101033, Location: ./documents/destination - Agent details retrieved successfully
2025-05-18 14:40:27 [http-nio-8082-exec-6] DEBUG src.service.LoggingService - [2025-05-18 14:40:27] Type: AUTH, Matricule: 101033, Location: ./documents/destination - Récupération du pouvoir: userPm
2025-05-18 15:26:50 [http-nio-8082-exec-5] INFO  src.service.LoggingService - [2025-05-18 15:26:50] Type: AUTH, Matricule: 101149, Location: ./documents/destination - Connexion réussie
2025-05-18 15:26:50 [http-nio-8082-exec-5] INFO  src.service.LoggingService - [2025-05-18 15:26:50] Type: AUTH, Matricule: 101149, Location: ./documents/destination - Executing SQL query for agent details
2025-05-18 15:26:50 [http-nio-8082-exec-5] INFO  src.service.LoggingService - [2025-05-18 15:26:50] Type: AUTH, Matricule: 101149, Location: ./documents/destination - SQL results - nom: MANNELLO, prenom: Anthony, brigade: BRIGADE 2
2025-05-18 15:26:50 [http-nio-8082-exec-5] INFO  src.service.LoggingService - [2025-05-18 15:26:50] Type: AUTH, Matricule: 101149, Location: ./documents/destination - Agent details retrieved successfully
2025-05-18 15:26:50 [http-nio-8082-exec-5] DEBUG src.service.LoggingService - [2025-05-18 15:26:50] Type: AUTH, Matricule: 101149, Location: ./documents/destination - Récupération du pouvoir: userPm
2025-05-18 15:41:34 [http-nio-8082-exec-8] INFO  src.service.LoggingService - [2025-05-18 15:41:34] Type: AUTH, Matricule: 101033, Location: ./documents/destination - Connexion réussie
2025-05-18 15:41:34 [http-nio-8082-exec-8] INFO  src.service.LoggingService - [2025-05-18 15:41:34] Type: AUTH, Matricule: 101033, Location: ./documents/destination - Executing SQL query for agent details
2025-05-18 15:41:34 [http-nio-8082-exec-8] INFO  src.service.LoggingService - [2025-05-18 15:41:34] Type: AUTH, Matricule: 101033, Location: ./documents/destination - SQL results - nom: KOSTADINOV, prenom: Gueorgui, brigade: BRIGADE 2
2025-05-18 15:41:34 [http-nio-8082-exec-8] INFO  src.service.LoggingService - [2025-05-18 15:41:34] Type: AUTH, Matricule: 101033, Location: ./documents/destination - Agent details retrieved successfully
2025-05-18 15:41:34 [http-nio-8082-exec-8] DEBUG src.service.LoggingService - [2025-05-18 15:41:34] Type: AUTH, Matricule: 101033, Location: ./documents/destination - Récupération du pouvoir: userPm
2025-05-18 15:50:33 [http-nio-8082-exec-8] INFO  src.service.LoggingService - [2025-05-18 15:50:33] Type: AUTH, Matricule: 100439, Location: ./documents/destination - Connexion réussie
2025-05-18 15:50:33 [http-nio-8082-exec-8] INFO  src.service.LoggingService - [2025-05-18 15:50:33] Type: AUTH, Matricule: 100439, Location: ./documents/destination - Executing SQL query for agent details
2025-05-18 15:50:33 [http-nio-8082-exec-8] INFO  src.service.LoggingService - [2025-05-18 15:50:33] Type: AUTH, Matricule: 100439, Location: ./documents/destination - SQL results - nom: ROS, prenom: Aurélia, brigade: BRIGADE 2
2025-05-18 15:50:33 [http-nio-8082-exec-8] INFO  src.service.LoggingService - [2025-05-18 15:50:33] Type: AUTH, Matricule: 100439, Location: ./documents/destination - Agent details retrieved successfully
2025-05-18 15:50:33 [http-nio-8082-exec-8] DEBUG src.service.LoggingService - [2025-05-18 15:50:33] Type: AUTH, Matricule: 100439, Location: ./documents/destination - Récupération du pouvoir: userPm
2025-05-18 16:32:53 [http-nio-8082-exec-10] INFO  src.service.LoggingService - [2025-05-18 16:32:53] Type: AUTH, Matricule: 56020, Location: ./documents/destination - Connexion réussie
2025-05-18 16:32:53 [http-nio-8082-exec-10] INFO  src.service.LoggingService - [2025-05-18 16:32:53] Type: AUTH, Matricule: 56020, Location: ./documents/destination - Executing SQL query for agent details
2025-05-18 16:32:53 [http-nio-8082-exec-10] INFO  src.service.LoggingService - [2025-05-18 16:32:53] Type: AUTH, Matricule: 56020, Location: ./documents/destination - SQL results - nom: BOUZEBOUDJA, prenom: Mansour, brigade: ENCADREMENT
2025-05-18 16:32:53 [http-nio-8082-exec-10] INFO  src.service.LoggingService - [2025-05-18 16:32:53] Type: AUTH, Matricule: 56020, Location: ./documents/destination - Agent details retrieved successfully
2025-05-18 16:32:53 [http-nio-8082-exec-10] DEBUG src.service.LoggingService - [2025-05-18 16:32:53] Type: AUTH, Matricule: 56020, Location: ./documents/destination - Récupération du pouvoir: admin
